<?xml version="1.0" encoding="UTF-8"?>
<testsuite name="com.salesforce.runner.CucumberTestRunnerSuit" time="0.013" tests="4" errors="0" skipped="0" failures="0">
  <properties>
[...]
</properties>
  <testcase name="Given user is on &quot;LoginPage&quot;" classname="Scenario: Verify Login with valid username and Invalid Password" time="0.001"/>
  <testcase name="When user enters the data in text box &quot;Search&quot; &quot;Selenium&quot;" classname="Scenario: Verify Login with valid username and Invalid Password" time="0"/>
  <testcase name="Then user Verify the Image &quot;SeleniumImage&quot;" classname="Scenario: Verify Login with valid username and Invalid Password" time="0"/>
  <testcase name="Scenario: Verify Login with valid username and Invalid Password" classname="Scenario: Verify Login with valid username and Invalid Password" time="0.012"/>
</testsuite>